Build started 03/12/2009 10:25:55 PM.
     1>Project "F:\cleancodeq2\trunk\zlib\projects\visualc6\zlib.vcxproj" on node 37 (rebuild target(s)).
     1>_PrepareForClean:
         Deleting file ".\Win32_LIB_Release\zlib.lastbuildstate".
       _PrepareForBuild:
         Creating ".\Win32_LIB_Release\zlib.unsuccessfulbuild" because "AlwaysCreate" was specified.
       ClCompile:
         C:\Program Files\Microsoft Visual Studio 10.0\VC\bin\CL.exe /c /nologo /W4 /WX- /O2 /Ob1 /Oy- /D WIN32 /D NDEBUG /D WIN32 /D NDEBUG /D _VC80_UPGRADE=0x0600 /GF /Gm- /EHsc /MT /GS /Gy /fp:precise /Zc:wchar_t /Zc:forScope /Fo".\Win32_LIB_Release\\" /Fd".\Win32_LIB_Release\\" /Gd /TC /analyze- /errorReport:prompt ..\..\adler32.c ..\..\compress.c ..\..\crc32.c ..\..\deflate.c ..\..\gzio.c ..\..\infback.c ..\..\inffast.c ..\..\inflate.c ..\..\inftrees.c ..\..\trees.c ..\..\uncompr.c ..\..\zutil.c
         adler32.c
         compress.c
         crc32.c
     1>..\..\crc32.c(227): warning C4127: conditional expression is constant
         deflate.c
     1>..\..\deflate.c(661): warning C4244: '=' : conversion from 'int' to 'Bytef', possible loss of data
     1>..\..\deflate.c(692): warning C4244: '=' : conversion from 'int' to 'Bytef', possible loss of data
     1>..\..\deflate.c(1226): warning C4127: conditional expression is constant
     1>..\..\deflate.c(1446): warning C4244: 'initializing' : conversion from 'uInt' to 'uch', possible loss of data
     1>..\..\deflate.c(1446): warning C4244: 'initializing' : conversion from 'uInt' to 'ush', possible loss of data
     1>..\..\deflate.c(1566): warning C4244: 'initializing' : conversion from 'uInt' to 'uch', possible loss of data
     1>..\..\deflate.c(1566): warning C4244: 'initializing' : conversion from 'uInt' to 'ush', possible loss of data
         gzio.c
     1>..\..\gzio.c(128): warning C4996: 'strcpy': This function or variable may be unsafe. Consider using strcpy_s instead. To disable deprecation, use _CRT_SECURE_NO_WARNINGS. See online help for details.
     1>..\..\gzio.c(178): warning C4996: 'fopen': This function or variable may be unsafe. Consider using fopen_s instead. To disable deprecation, use _CRT_SECURE_NO_WARNINGS. See online help for details.
                 C:\Program Files\Microsoft Visual Studio 10.0\VC\include\stdio.h(234) : see declaration of 'fopen'
     1>..\..\gzio.c(219): warning C4996: 'sprintf': This function or variable may be unsafe. Consider using sprintf_s instead. To disable deprecation, use _CRT_SECURE_NO_WARNINGS. See online help for details.
                 C:\Program Files\Microsoft Visual Studio 10.0\VC\include\stdio.h(371) : see declaration of 'sprintf'
     1>..\..\gzio.c(397): warning C4244: '=' : conversion from 'int' to 'Byte', possible loss of data
     1>..\..\gzio.c(602): warning C4996: '_vsnprintf': This function or variable may be unsafe. Consider using _vsnprintf_s instead. To disable deprecation, use _CRT_SECURE_NO_WARNINGS. See online help for details.
                 C:\Program Files\Microsoft Visual Studio 10.0\VC\include\stdio.h(363) : see declaration of '_vsnprintf'
     1>..\..\gzio.c(955): warning C4996: 'strerror': This function or variable may be unsafe. Consider using strerror_s instead. To disable deprecation, use _CRT_SECURE_NO_WARNINGS. See online help for details.
                 C:\Program Files\Microsoft Visual Studio 10.0\VC\include\string.h(124) : see declaration of 'strerror'
     1>..\..\gzio.c(962): warning C4996: 'strcpy': This function or variable may be unsafe. Consider using strcpy_s instead. To disable deprecation, use _CRT_SECURE_NO_WARNINGS. See online help for details.
     1>..\..\gzio.c(963): warning C4996: 'strcat': This function or variable may be unsafe. Consider using strcat_s instead. To disable deprecation, use _CRT_SECURE_NO_WARNINGS. See online help for details.
     1>..\..\gzio.c(964): warning C4996: 'strcat': This function or variable may be unsafe. Consider using strcat_s instead. To disable deprecation, use _CRT_SECURE_NO_WARNINGS. See online help for details.
         infback.c
     1>..\..\infback.c(275): warning C4127: conditional expression is constant
     1>..\..\infback.c(279): warning C4127: conditional expression is constant
     1>..\..\infback.c(279): warning C4127: conditional expression is constant
     1>..\..\infback.c(279): warning C4127: conditional expression is constant
     1>..\..\infback.c(281): warning C4127: conditional expression is constant
     1>..\..\infback.c(303): warning C4127: conditional expression is constant
     1>..\..\infback.c(308): warning C4127: conditional expression is constant
     1>..\..\infback.c(309): warning C4127: conditional expression is constant
     1>..\..\infback.c(309): warning C4127: conditional expression is constant
     1>..\..\infback.c(309): warning C4127: conditional expression is constant
     1>..\..\infback.c(318): warning C4127: conditional expression is constant
     1>..\..\infback.c(323): warning C4127: conditional expression is constant
     1>..\..\infback.c(324): warning C4127: conditional expression is constant
     1>..\..\infback.c(340): warning C4127: conditional expression is constant
     1>..\..\infback.c(340): warning C4127: conditional expression is constant
     1>..\..\infback.c(340): warning C4127: conditional expression is constant
     1>..\..\infback.c(342): warning C4127: conditional expression is constant
     1>..\..\infback.c(344): warning C4127: conditional expression is constant
     1>..\..\infback.c(346): warning C4127: conditional expression is constant
     1>..\..\infback.c(359): warning C4127: conditional expression is constant
     1>..\..\infback.c(359): warning C4127: conditional expression is constant
     1>..\..\infback.c(359): warning C4127: conditional expression is constant
     1>..\..\infback.c(361): warning C4127: conditional expression is constant
     1>..\..\infback.c(383): warning C4127: conditional expression is constant
     1>..\..\infback.c(383): warning C4127: conditional expression is constant
     1>..\..\infback.c(386): warning C4127: conditional expression is constant
     1>..\..\infback.c(386): warning C4127: conditional expression is constant
     1>..\..\infback.c(386): warning C4127: conditional expression is constant
     1>..\..\infback.c(387): warning C4127: conditional expression is constant
     1>..\..\infback.c(392): warning C4127: conditional expression is constant
     1>..\..\infback.c(392): warning C4127: conditional expression is constant
     1>..\..\infback.c(392): warning C4127: conditional expression is constant
     1>..\..\infback.c(393): warning C4127: conditional expression is constant
     1>..\..\infback.c(401): warning C4127: conditional expression is constant
     1>..\..\infback.c(404): warning C4127: conditional expression is constant
     1>..\..\infback.c(404): warning C4127: conditional expression is constant
     1>..\..\infback.c(404): warning C4127: conditional expression is constant
     1>..\..\infback.c(405): warning C4127: conditional expression is constant
     1>..\..\infback.c(408): warning C4127: conditional expression is constant
     1>..\..\infback.c(411): warning C4127: conditional expression is constant
     1>..\..\infback.c(411): warning C4127: conditional expression is constant
     1>..\..\infback.c(411): warning C4127: conditional expression is constant
     1>..\..\infback.c(412): warning C4127: conditional expression is constant
     1>..\..\infback.c(415): warning C4127: conditional expression is constant
     1>..\..\infback.c(456): warning C4127: conditional expression is constant
     1>..\..\infback.c(460): warning C4127: conditional expression is constant
     1>..\..\infback.c(468): warning C4127: conditional expression is constant
     1>..\..\infback.c(468): warning C4127: conditional expression is constant
     1>..\..\infback.c(476): warning C4127: conditional expression is constant
     1>..\..\infback.c(476): warning C4127: conditional expression is constant
     1>..\..\infback.c(478): warning C4127: conditional expression is constant
     1>..\..\infback.c(480): warning C4127: conditional expression is constant
     1>..\..\infback.c(488): warning C4127: conditional expression is constant
     1>..\..\infback.c(512): warning C4127: conditional expression is constant
     1>..\..\infback.c(512): warning C4127: conditional expression is constant
     1>..\..\infback.c(512): warning C4127: conditional expression is constant
     1>..\..\infback.c(514): warning C4127: conditional expression is constant
     1>..\..\infback.c(522): warning C4127: conditional expression is constant
     1>..\..\infback.c(522): warning C4127: conditional expression is constant
     1>..\..\infback.c(530): warning C4127: conditional expression is constant
     1>..\..\infback.c(530): warning C4127: conditional expression is constant
     1>..\..\infback.c(532): warning C4127: conditional expression is constant
     1>..\..\infback.c(534): warning C4127: conditional expression is constant
     1>..\..\infback.c(545): warning C4127: conditional expression is constant
     1>..\..\infback.c(545): warning C4127: conditional expression is constant
     1>..\..\infback.c(545): warning C4127: conditional expression is constant
     1>..\..\infback.c(547): warning C4127: conditional expression is constant
     1>..\..\infback.c(559): warning C4127: conditional expression is constant
         inffast.c
         inflate.c
     1>..\..\inflate.c(567): warning C4127: conditional expression is constant
     1>..\..\inflate.c(578): warning C4127: conditional expression is constant
     1>..\..\inflate.c(578): warning C4127: conditional expression is constant
     1>..\..\inflate.c(582): warning C4127: conditional expression is constant
     1>..\..\inflate.c(583): warning C4127: conditional expression is constant
     1>..\..\inflate.c(604): warning C4127: conditional expression is constant
     1>..\..\inflate.c(615): warning C4127: conditional expression is constant
     1>..\..\inflate.c(619): warning C4127: conditional expression is constant
     1>..\..\inflate.c(619): warning C4127: conditional expression is constant
     1>..\..\inflate.c(633): warning C4127: conditional expression is constant
     1>..\..\inflate.c(634): warning C4127: conditional expression is constant
     1>..\..\inflate.c(637): warning C4127: conditional expression is constant
     1>..\..\inflate.c(637): warning C4127: conditional expression is constant
     1>..\..\inflate.c(640): warning C4127: conditional expression is constant
     1>..\..\inflate.c(641): warning C4127: conditional expression is constant
     1>..\..\inflate.c(644): warning C4127: conditional expression is constant
     1>..\..\inflate.c(644): warning C4127: conditional expression is constant
     1>..\..\inflate.c(649): warning C4127: conditional expression is constant
     1>..\..\inflate.c(650): warning C4127: conditional expression is constant
     1>..\..\inflate.c(654): warning C4127: conditional expression is constant
     1>..\..\inflate.c(654): warning C4127: conditional expression is constant
     1>..\..\inflate.c(658): warning C4127: conditional expression is constant
     1>..\..\inflate.c(659): warning C4127: conditional expression is constant
     1>..\..\inflate.c(695): warning C4244: '=' : conversion from 'unsigned int' to 'Bytef', possible loss of data
     1>..\..\inflate.c(716): warning C4244: '=' : conversion from 'unsigned int' to 'Bytef', possible loss of data
     1>..\..\inflate.c(729): warning C4127: conditional expression is constant
     1>..\..\inflate.c(729): warning C4127: conditional expression is constant
     1>..\..\inflate.c(735): warning C4127: conditional expression is constant
     1>..\..\inflate.c(746): warning C4127: conditional expression is constant
     1>..\..\inflate.c(746): warning C4127: conditional expression is constant
     1>..\..\inflate.c(748): warning C4127: conditional expression is constant
     1>..\..\inflate.c(752): warning C4127: conditional expression is constant
     1>..\..\inflate.c(761): warning C4127: conditional expression is constant
     1>..\..\inflate.c(765): warning C4127: conditional expression is constant
     1>..\..\inflate.c(765): warning C4127: conditional expression is constant
     1>..\..\inflate.c(767): warning C4127: conditional expression is constant
     1>..\..\inflate.c(789): warning C4127: conditional expression is constant
     1>..\..\inflate.c(792): warning C4127: conditional expression is constant
     1>..\..\inflate.c(793): warning C4127: conditional expression is constant
     1>..\..\inflate.c(793): warning C4127: conditional expression is constant
     1>..\..\inflate.c(802): warning C4127: conditional expression is constant
     1>..\..\inflate.c(822): warning C4127: conditional expression is constant
     1>..\..\inflate.c(822): warning C4127: conditional expression is constant
     1>..\..\inflate.c(824): warning C4127: conditional expression is constant
     1>..\..\inflate.c(826): warning C4127: conditional expression is constant
     1>..\..\inflate.c(828): warning C4127: conditional expression is constant
     1>..\..\inflate.c(841): warning C4127: conditional expression is constant
     1>..\..\inflate.c(841): warning C4127: conditional expression is constant
     1>..\..\inflate.c(843): warning C4127: conditional expression is constant
     1>..\..\inflate.c(865): warning C4127: conditional expression is constant
     1>..\..\inflate.c(868): warning C4127: conditional expression is constant
     1>..\..\inflate.c(868): warning C4127: conditional expression is constant
     1>..\..\inflate.c(869): warning C4127: conditional expression is constant
     1>..\..\inflate.c(874): warning C4127: conditional expression is constant
     1>..\..\inflate.c(874): warning C4127: conditional expression is constant
     1>..\..\inflate.c(875): warning C4127: conditional expression is constant
     1>..\..\inflate.c(883): warning C4127: conditional expression is constant
     1>..\..\inflate.c(886): warning C4127: conditional expression is constant
     1>..\..\inflate.c(886): warning C4127: conditional expression is constant
     1>..\..\inflate.c(887): warning C4127: conditional expression is constant
     1>..\..\inflate.c(890): warning C4127: conditional expression is constant
     1>..\..\inflate.c(893): warning C4127: conditional expression is constant
     1>..\..\inflate.c(893): warning C4127: conditional expression is constant
     1>..\..\inflate.c(894): warning C4127: conditional expression is constant
     1>..\..\inflate.c(897): warning C4127: conditional expression is constant
     1>..\..\inflate.c(936): warning C4127: conditional expression is constant
     1>..\..\inflate.c(938): warning C4127: conditional expression is constant
     1>..\..\inflate.c(944): warning C4127: conditional expression is constant
     1>..\..\inflate.c(952): warning C4127: conditional expression is constant
     1>..\..\inflate.c(954): warning C4127: conditional expression is constant
     1>..\..\inflate.c(956): warning C4127: conditional expression is constant
     1>..\..\inflate.c(979): warning C4127: conditional expression is constant
     1>..\..\inflate.c(979): warning C4127: conditional expression is constant
     1>..\..\inflate.c(981): warning C4127: conditional expression is constant
     1>..\..\inflate.c(989): warning C4127: conditional expression is constant
     1>..\..\inflate.c(997): warning C4127: conditional expression is constant
     1>..\..\inflate.c(999): warning C4127: conditional expression is constant
     1>..\..\inflate.c(1001): warning C4127: conditional expression is constant
     1>..\..\inflate.c(1012): warning C4127: conditional expression is constant
     1>..\..\inflate.c(1012): warning C4127: conditional expression is constant
     1>..\..\inflate.c(1014): warning C4127: conditional expression is constant
     1>..\..\inflate.c(1063): warning C4127: conditional expression is constant
     1>..\..\inflate.c(1063): warning C4127: conditional expression is constant
     1>..\..\inflate.c(1080): warning C4127: conditional expression is constant
     1>..\..\inflate.c(1087): warning C4127: conditional expression is constant
     1>..\..\inflate.c(1087): warning C4127: conditional expression is constant
     1>..\..\inflate.c(1093): warning C4127: conditional expression is constant
     1>..\..\inflate.c(1118): warning C4127: conditional expression is constant
         inftrees.c
         trees.c
         uncompr.c
         zutil.c
         Generating Code...
       ResourceCompile:
         C:\Program Files\Microsoft SDKs\Windows\v7.0A\bin\rc.exe /D NDEBUG /D NDEBUG /D _VC80_UPGRADE=0x0600 /l"0x0409" /I\cleancodeq2\trunk\zlib\win32 /nologo /fo".\Win32_LIB_Release\zlib1.res" ..\..\win32\zlib1.rc 
       Lib:
         C:\Program Files\Microsoft Visual Studio 10.0\VC\bin\Lib.exe /OUT:"F:\cleancodeq2\trunk\lib\zlibr.lib" /NOLOGO .\Win32_LIB_Release\zlib1.res .\Win32_LIB_Release\\adler32.obj .\Win32_LIB_Release\\compress.obj .\Win32_LIB_Release\\crc32.obj .\Win32_LIB_Release\\deflate.obj .\Win32_LIB_Release\\gzio.obj .\Win32_LIB_Release\\infback.obj .\Win32_LIB_Release\\inffast.obj .\Win32_LIB_Release\\inflate.obj .\Win32_LIB_Release\\inftrees.obj .\Win32_LIB_Release\\trees.obj .\Win32_LIB_Release\\uncompr.obj .\Win32_LIB_Release\\zutil.obj
     1>LINK : warning LNK4068: /MACHINE not specified; defaulting to X86
         zlib.vcxproj -> F:\cleancodeq2\trunk\lib\zlibr.lib
       _AfterBuild:
         Deleting file ".\Win32_LIB_Release\zlib.unsuccessfulbuild".
         Touching ".\Win32_LIB_Release\zlib.lastbuildstate".
     1>Done Building Project "F:\cleancodeq2\trunk\zlib\projects\visualc6\zlib.vcxproj" (rebuild target(s)).

Build succeeded.

Time Elapsed 00:00:01.01
