Build started 10/23/2009 4:08:24 PM.
     1>Project "F:\cleancodeq2\trunk\projects\vs2010\game.vcxproj" on node 370 (build target(s)).
     1>_PrepareForBuild:
         Creating "../../Intermediate/Debug/game\game.unsuccessfulbuild" because "AlwaysCreate" was specified.
       ClCompile:
         C:\Program Files\Microsoft Visual Studio 10.0\VC\bin\CL.exe /c /ZI /nologo /W4 /WX /Od /Oy- /D WIN32 /D _DEBUG /D _WINDOWS /D _VC80_UPGRADE=0x0710 /D _WINDLL /Gm- /EHsc /RTC1 /MDd /GS /Gy /fp:precise /fp:except /Zc:wchar_t /Zc:forScope /Fo"../../Intermediate/Debug/game\\" /Fd"../../Intermediate/Debug/game\vc90.pdb" /FR"../../Intermediate/Debug/game\\" /Gd /TP /analyze- /errorReport:prompt ..\..\shared\ColorVec.cpp ..\..\shared\byteswap.cpp ..\..\shared\infostrings.cpp ..\..\shared\m_angles.cpp ..\..\shared\m_bounds.cpp ..\..\shared\m_mat3.cpp ..\..\shared\m_mat4.cpp ..\..\shared\m_plane.cpp ..\..\shared\m_quat.cpp ..\..\shared\mathlib.cpp ..\..\shared\mersennetwister.cpp ..\..\shared\shared.cpp ..\..\shared\string.cpp ..\..\source\cc_arg.cpp ..\..\source\cc_armor.cpp ..\..\source\cc_ban.cpp ..\..\source\cc_barracuda.cpp ..\..\source\cc_baseentity.cpp ..\..\source\cc_berserk.cpp ..\..\source\cc_bfg.cpp ..\..\source\cc_bitch.cpp ..\..\source\cc_blaster.cpp ..\..\source\cc_bodyqueue.cpp ..\..\source\cc_boss2.cpp ..\..\source\cc_brain.cpp ..\..\source\cc_brushmodels.cpp ..\..\source\cc_chaingun.cpp ..\..\source\cc_cmds.cpp ..\..\source\cc_colors.cpp ..\..\source\cc_controls.cpp ..\..\source\cc_ctf.cpp ..\..\source\cc_ctfadmin.cpp ..\..\source\cc_ctfitementities.cpp ..\..\source\cc_ctfitems.cpp ..\..\source\cc_ctfmenu.cpp ..\..\source\cc_cvar.cpp ..\..\source\cc_debugweapons.cpp ..\..\source\cc_dmflags.cpp ..\..\source\cc_entitylist.cpp ..\..\source\cc_entitytypes.cpp ..\..\source\cc_exceptionhandler.cpp ..\..\source\cc_filesystem.cpp ..\..\source\cc_floater.cpp ..\..\source\cc_flyer.cpp ..\..\source\cc_frontend.cpp ..\..\source\cc_func_entities.cpp ..\..\source\cc_game.cpp ..\..\source\cc_gameapi.cpp ..\..\source\cc_gamecommands.cpp ..\..\source\cc_gladiator.cpp ..\..\source\cc_grapple.cpp ..\..\source\cc_grenadelauncher.cpp ..\..\source\cc_gunner.cpp ..\..\source\cc_handgrenade.cpp ..\..\source\cc_hash.cpp ..\..\source\cc_health.cpp ..\..\source\cc_hyperblaster.cpp ..\..\source\cc_icarus.cpp ..\..\source\cc_indexing.cpp ..\..\source\cc_infantry.cpp ..\..\source\cc_infoentities.cpp ..\..\source\cc_insane.cpp ..\..\source\cc_inventory.cpp ..\..\source\cc_itementity.cpp ..\..\source\cc_itemlist.cpp ..\..\source\cc_items.cpp ..\..\source\cc_jorg.cpp ..\..\source\cc_junk_entities.cpp ..\..\source\cc_keys.cpp ..\..\source\cc_machinegun.cpp ..\..\source\cc_makron.cpp ..\..\source\cc_makron_stand.cpp ..\..\source\cc_mapprint.cpp ..\..\source\cc_media.cpp ..\..\source\cc_medic.cpp ..\..\source\cc_memory.cpp ..\..\source\cc_menu.cpp ..\..\source\cc_misc_entities.cpp ..\..\source\cc_monsters.cpp ..\..\source\cc_mutant.cpp ..\..\source\cc_parasite.cpp ..\..\source\cc_pathfinding.cpp ..\..\source\cc_playerentity.cpp ..\..\source\cc_pmove.cpp ..\..\source\cc_powerups.cpp ..\..\source\cc_print.cpp ..\..\source\cc_railgun.cpp ..\..\source\cc_rocketlauncher.cpp ..\..\source\cc_sbar.cpp ..\..\source\cc_servercommands.cpp ..\..\source\cc_shotgun.cpp ..\..\source\cc_soldier_base.cpp ..\..\source\cc_soldier_light.cpp ..\..\source\cc_soldier_machinegun.cpp ..\..\source\cc_soldier_shotgun.cpp ..\..\source\cc_sound.cpp ..\..\source\cc_supershotgun.cpp ..\..\source\cc_supertank.cpp ..\..\source\cc_tank.cpp ..\..\source\cc_target_entities.cpp ..\..\source\cc_techs.cpp ..\..\source\cc_tent.cpp ..\..\source\cc_trace.cpp ..\..\source\cc_trigger_entities.cpp ..\..\source\cc_turret_entities.cpp ..\..\source\cc_utils.cpp ..\..\source\cc_weaponentities.cpp ..\..\source\cc_weaponmain.cpp ..\..\source\cc_weapons.cpp ..\..\source\cc_write.cpp ..\..\source\g_save.cpp ..\..\source\m_flash.cpp /analyze:stacksize1500 /J 
     1>cl : Command line warning D9025: overriding '/analyze-' with '/analyze:stacksize1500'
         ColorVec.cpp
         byteswap.cpp
         infostrings.cpp
         m_angles.cpp
         m_bounds.cpp
         m_mat3.cpp
         m_mat4.cpp
         m_plane.cpp
         m_quat.cpp
         mathlib.cpp
         mersennetwister.cpp
         shared.cpp
         string.cpp
         cc_arg.cpp
         cc_armor.cpp
         cc_ban.cpp
         cc_barracuda.cpp
         cc_baseentity.cpp
         cc_berserk.cpp
         cc_bfg.cpp
         Generating Code...
         Compiling...
         cc_bitch.cpp
         cc_blaster.cpp
         cc_bodyqueue.cpp
         cc_boss2.cpp
         cc_brain.cpp
         cc_brushmodels.cpp
         cc_chaingun.cpp
         cc_cmds.cpp
         cc_colors.cpp
         cc_controls.cpp
         cc_ctf.cpp
         cc_ctfadmin.cpp
         cc_ctfitementities.cpp
         cc_ctfitems.cpp
         cc_ctfmenu.cpp
         cc_cvar.cpp
         cc_debugweapons.cpp
         cc_dmflags.cpp
         cc_entitylist.cpp
         cc_entitytypes.cpp
         Generating Code...
         Compiling...
         cc_exceptionhandler.cpp
         cc_filesystem.cpp
         cc_floater.cpp
         cc_flyer.cpp
         cc_frontend.cpp
         cc_func_entities.cpp
         cc_game.cpp
         cc_gameapi.cpp
         cc_gamecommands.cpp
         cc_gladiator.cpp
         cc_grapple.cpp
         cc_grenadelauncher.cpp
         cc_gunner.cpp
         cc_handgrenade.cpp
         cc_hash.cpp
         cc_health.cpp
         cc_hyperblaster.cpp
         cc_icarus.cpp
         cc_indexing.cpp
         cc_infantry.cpp
         Generating Code...
         Compiling...
         cc_infoentities.cpp
         cc_insane.cpp
         cc_inventory.cpp
         cc_itementity.cpp
         cc_itemlist.cpp
         cc_items.cpp
         cc_jorg.cpp
         cc_junk_entities.cpp
         cc_keys.cpp
         cc_machinegun.cpp
         cc_makron.cpp
         cc_makron_stand.cpp
         cc_mapprint.cpp
         cc_media.cpp
         cc_medic.cpp
         cc_memory.cpp
         cc_menu.cpp
         cc_misc_entities.cpp
         cc_monsters.cpp
         cc_mutant.cpp
         Generating Code...
         Compiling...
         cc_parasite.cpp
         cc_pathfinding.cpp
         cc_playerentity.cpp
         cc_pmove.cpp
         cc_powerups.cpp
         cc_print.cpp
         cc_railgun.cpp
         cc_rocketlauncher.cpp
         cc_sbar.cpp
         cc_servercommands.cpp
         cc_shotgun.cpp
         cc_soldier_base.cpp
         cc_soldier_light.cpp
         cc_soldier_machinegun.cpp
         cc_soldier_shotgun.cpp
         cc_sound.cpp
         cc_supershotgun.cpp
         cc_supertank.cpp
         cc_tank.cpp
         cc_target_entities.cpp
         Generating Code...
         Compiling...
         cc_techs.cpp
         cc_tent.cpp
         cc_trace.cpp
         cc_trigger_entities.cpp
         cc_turret_entities.cpp
         cc_utils.cpp
         cc_weaponentities.cpp
         cc_weaponmain.cpp
         cc_weapons.cpp
         cc_write.cpp
         g_save.cpp
         m_flash.cpp
         Generating Code...
       ManifestResourceCompile:
         All outputs are up-to-date.
       Link:
         C:\Program Files\Microsoft Visual Studio 10.0\VC\bin\link.exe /ERRORREPORT:PROMPT /OUT:"F:\cleancodeq2\trunk\projects\vs2010\debug\gamex86.dll" /INCREMENTAL /NOLOGO Winmm.lib ../../lib/zlibr.lib kernel32.lib user32.lib gdi32.lib winspool.lib comdlg32.lib advapi32.lib shell32.lib ole32.lib oleaut32.lib uuid.lib odbc32.lib odbccp32.lib /NODEFAULTLIB:msvcrt.lib /DEF:"game.def" /INCLUDE:"__DllMainCRTStartup@12" /MANIFEST /ManifestFile:"../../Intermediate/Debug/game\gamex86.dll.intermediate.manifest" /MANIFESTUAC:"level='asInvoker' uiAccess='false'" /DEBUG /PDB:"c:\quake2\baseq2\gamex86.pdb" /MAP:"c:\quake2\baseq2\gamex86.map" /SUBSYSTEM:WINDOWS /TLBID:1 /ENTRY:"DllInit" /BASE:"0x20000000" /DYNAMICBASE:NO /IMPLIB:"debug\gamex86.lib" /MACHINE:X86 /DLL ../../Intermediate/Debug/game\byteswap.obj
         ../../Intermediate/Debug/game\ColorVec.obj
         ../../Intermediate/Debug/game\infostrings.obj
         ../../Intermediate/Debug/game\m_angles.obj
         ../../Intermediate/Debug/game\m_bounds.obj
         ../../Intermediate/Debug/game\m_mat3.obj
         ../../Intermediate/Debug/game\m_mat4.obj
         ../../Intermediate/Debug/game\m_plane.obj
         ../../Intermediate/Debug/game\m_quat.obj
         ../../Intermediate/Debug/game\mathlib.obj
         ../../Intermediate/Debug/game\mersennetwister.obj
         ../../Intermediate/Debug/game\shared.obj
         ../../Intermediate/Debug/game\string.obj
         ../../Intermediate/Debug/game\Templates.obj
         ../../Intermediate/Debug/game\cc_game.obj
         ../../Intermediate/Debug/game\cc_dmflags.obj
         ../../Intermediate/Debug/game\cc_gameapi.obj
         ../../Intermediate/Debug/game\cc_cvar.obj
         ../../Intermediate/Debug/game\cc_trace.obj
         ../../Intermediate/Debug/game\cc_tent.obj
         ../../Intermediate/Debug/game\cc_write.obj
         ../../Intermediate/Debug/game\cc_sbar.obj
         ../../Intermediate/Debug/game\cc_frontend.obj
         ../../Intermediate/Debug/game\cc_indexing.obj
         ../../Intermediate/Debug/game\cc_arg.obj
         ../../Intermediate/Debug/game\cc_print.obj
         ../../Intermediate/Debug/game\cc_sound.obj
         ../../Intermediate/Debug/game\cc_pmove.obj
         ../../Intermediate/Debug/game\cc_cmds.obj
         ../../Intermediate/Debug/game\cc_gamecommands.obj
         ../../Intermediate/Debug/game\cc_servercommands.obj
         ../../Intermediate/Debug/game\cc_baseentity.obj
         ../../Intermediate/Debug/game\cc_brushmodels.obj
         ../../Intermediate/Debug/game\cc_entitylist.obj
         ../../Intermediate/Debug/game\cc_entitytypes.obj
         ../../Intermediate/Debug/game\cc_func_entities.obj
         ../../Intermediate/Debug/game\cc_infoentities.obj
         ../../Intermediate/Debug/game\cc_itementity.obj
         ../../Intermediate/Debug/game\cc_junk_entities.obj
         ../../Intermediate/Debug/game\cc_misc_entities.obj
         ../../Intermediate/Debug/game\cc_playerentity.obj
         ../../Intermediate/Debug/game\cc_target_entities.obj
         ../../Intermediate/Debug/game\cc_techs.obj
         ../../Intermediate/Debug/game\cc_trigger_entities.obj
         ../../Intermediate/Debug/game\cc_turret_entities.obj
         ../../Intermediate/Debug/game\cc_weaponentities.obj
         ../../Intermediate/Debug/game\cc_armor.obj
         ../../Intermediate/Debug/game\cc_health.obj
         ../../Intermediate/Debug/game\cc_itemlist.obj
         ../../Intermediate/Debug/game\cc_items.obj
         ../../Intermediate/Debug/game\cc_keys.obj
         ../../Intermediate/Debug/game\cc_powerups.obj
         ../../Intermediate/Debug/game\cc_weapons.obj
         ../../Intermediate/Debug/game\cc_bfg.obj
         ../../Intermediate/Debug/game\cc_blaster.obj
         ../../Intermediate/Debug/game\cc_chaingun.obj
         ../../Intermediate/Debug/game\cc_debugweapons.obj
         ../../Intermediate/Debug/game\cc_grenadelauncher.obj
         ../../Intermediate/Debug/game\cc_handgrenade.obj
         ../../Intermediate/Debug/game\cc_hyperblaster.obj
         ../../Intermediate/Debug/game\cc_machinegun.obj
         ../../Intermediate/Debug/game\cc_railgun.obj
         ../../Intermediate/Debug/game\cc_rocketlauncher.obj
         ../../Intermediate/Debug/game\cc_shotgun.obj
         ../../Intermediate/Debug/game\cc_supershotgun.obj
         ../../Intermediate/Debug/game\cc_weaponmain.obj
         ../../Intermediate/Debug/game\cc_inventory.obj
         ../../Intermediate/Debug/game\cc_hash.obj
         ../../Intermediate/Debug/game\cc_ban.obj
         ../../Intermediate/Debug/game\cc_monsters.obj
         ../../Intermediate/Debug/game\cc_barracuda.obj
         ../../Intermediate/Debug/game\cc_berserk.obj
         ../../Intermediate/Debug/game\cc_bitch.obj
         ../../Intermediate/Debug/game\cc_brain.obj
         ../../Intermediate/Debug/game\cc_floater.obj
         ../../Intermediate/Debug/game\cc_flyer.obj
         ../../Intermediate/Debug/game\cc_gladiator.obj
         ../../Intermediate/Debug/game\cc_gunner.obj
         ../../Intermediate/Debug/game\cc_icarus.obj
         ../../Intermediate/Debug/game\cc_infantry.obj
         ../../Intermediate/Debug/game\cc_insane.obj
         ../../Intermediate/Debug/game\cc_medic.obj
         ../../Intermediate/Debug/game\cc_mutant.obj
         ../../Intermediate/Debug/game\cc_parasite.obj
         ../../Intermediate/Debug/game\cc_tank.obj
         ../../Intermediate/Debug/game\cc_boss2.obj
         ../../Intermediate/Debug/game\cc_jorg.obj
         ../../Intermediate/Debug/game\cc_makron.obj
         ../../Intermediate/Debug/game\cc_makron_stand.obj
         ../../Intermediate/Debug/game\cc_supertank.obj
         ../../Intermediate/Debug/game\cc_soldier_base.obj
         ../../Intermediate/Debug/game\cc_soldier_light.obj
         ../../Intermediate/Debug/game\cc_soldier_machinegun.obj
         ../../Intermediate/Debug/game\cc_soldier_shotgun.obj
         ../../Intermediate/Debug/game\cc_colors.obj
         ../../Intermediate/Debug/game\cc_pathfinding.obj
         ../../Intermediate/Debug/game\cc_media.obj
         ../../Intermediate/Debug/game\cc_controls.obj
         ../../Intermediate/Debug/game\cc_menu.obj
         ../../Intermediate/Debug/game\cc_exceptionhandler.obj
         ../../Intermediate/Debug/game\cc_mapprint.obj
         ../../Intermediate/Debug/game\cc_memory.obj
         ../../Intermediate/Debug/game\cc_filesystem.obj
         ../../Intermediate/Debug/game\cc_bodyqueue.obj
         ../../Intermediate/Debug/game\cc_ctf.obj
         ../../Intermediate/Debug/game\cc_ctfadmin.obj
         ../../Intermediate/Debug/game\cc_ctfitementities.obj
         ../../Intermediate/Debug/game\cc_ctfitems.obj
         ../../Intermediate/Debug/game\cc_ctfmenu.obj
         ../../Intermediate/Debug/game\cc_grapple.obj
         ../../Intermediate/Debug/game\cc_utils.obj
         ../../Intermediate/Debug/game\g_save.obj
         ../../Intermediate/Debug/game\m_flash.obj
         ../../Intermediate/Debug/game\gamex86.dll.embed.manifest.res
            Creating library debug\gamex86.lib and object debug\gamex86.exp
       Manifest:
         C:\Program Files\Microsoft SDKs\Windows\v7.0A\bin\mt.exe /nologo /verbose /out:"../../Intermediate/Debug/game\gamex86.dll.embed.manifest" /manifest ../../Intermediate/Debug/game\gamex86.dll.intermediate.manifest
         C:\Program Files\Microsoft SDKs\Windows\v7.0A\bin\rc.exe /nologo /fo"../../Intermediate/Debug/game\gamex86.dll.embed.manifest.res" ../../Intermediate/Debug/game\gamex86_manifest.rc 
       LinkEmbedManifest:
         C:\Program Files\Microsoft Visual Studio 10.0\VC\bin\link.exe /ERRORREPORT:PROMPT /OUT:"F:\cleancodeq2\trunk\projects\vs2010\debug\gamex86.dll" /INCREMENTAL /NOLOGO Winmm.lib ../../lib/zlibr.lib kernel32.lib user32.lib gdi32.lib winspool.lib comdlg32.lib advapi32.lib shell32.lib ole32.lib oleaut32.lib uuid.lib odbc32.lib odbccp32.lib /NODEFAULTLIB:msvcrt.lib /DEF:"game.def" /INCLUDE:"__DllMainCRTStartup@12" /MANIFEST /ManifestFile:"../../Intermediate/Debug/game\gamex86.dll.intermediate.manifest" /MANIFESTUAC:"level='asInvoker' uiAccess='false'" /DEBUG /PDB:"c:\quake2\baseq2\gamex86.pdb" /SUBSYSTEM:WINDOWS /TLBID:1 /ENTRY:"DllInit" /BASE:"0x20000000" /DYNAMICBASE:NO /IMPLIB:"debug\gamex86.lib" /MACHINE:X86 /DLL ../../Intermediate/Debug/game\byteswap.obj
         ../../Intermediate/Debug/game\ColorVec.obj
         ../../Intermediate/Debug/game\infostrings.obj
         ../../Intermediate/Debug/game\m_angles.obj
         ../../Intermediate/Debug/game\m_bounds.obj
         ../../Intermediate/Debug/game\m_mat3.obj
         ../../Intermediate/Debug/game\m_mat4.obj
         ../../Intermediate/Debug/game\m_plane.obj
         ../../Intermediate/Debug/game\m_quat.obj
         ../../Intermediate/Debug/game\mathlib.obj
         ../../Intermediate/Debug/game\mersennetwister.obj
         ../../Intermediate/Debug/game\shared.obj
         ../../Intermediate/Debug/game\string.obj
         ../../Intermediate/Debug/game\Templates.obj
         ../../Intermediate/Debug/game\cc_game.obj
         ../../Intermediate/Debug/game\cc_dmflags.obj
         ../../Intermediate/Debug/game\cc_gameapi.obj
         ../../Intermediate/Debug/game\cc_cvar.obj
         ../../Intermediate/Debug/game\cc_trace.obj
         ../../Intermediate/Debug/game\cc_tent.obj
         ../../Intermediate/Debug/game\cc_write.obj
         ../../Intermediate/Debug/game\cc_sbar.obj
         ../../Intermediate/Debug/game\cc_frontend.obj
         ../../Intermediate/Debug/game\cc_indexing.obj
         ../../Intermediate/Debug/game\cc_arg.obj
         ../../Intermediate/Debug/game\cc_print.obj
         ../../Intermediate/Debug/game\cc_sound.obj
         ../../Intermediate/Debug/game\cc_pmove.obj
         ../../Intermediate/Debug/game\cc_cmds.obj
         ../../Intermediate/Debug/game\cc_gamecommands.obj
         ../../Intermediate/Debug/game\cc_servercommands.obj
         ../../Intermediate/Debug/game\cc_baseentity.obj
         ../../Intermediate/Debug/game\cc_brushmodels.obj
         ../../Intermediate/Debug/game\cc_entitylist.obj
         ../../Intermediate/Debug/game\cc_entitytypes.obj
         ../../Intermediate/Debug/game\cc_func_entities.obj
         ../../Intermediate/Debug/game\cc_infoentities.obj
         ../../Intermediate/Debug/game\cc_itementity.obj
         ../../Intermediate/Debug/game\cc_junk_entities.obj
         ../../Intermediate/Debug/game\cc_misc_entities.obj
         ../../Intermediate/Debug/game\cc_playerentity.obj
         ../../Intermediate/Debug/game\cc_target_entities.obj
         ../../Intermediate/Debug/game\cc_techs.obj
         ../../Intermediate/Debug/game\cc_trigger_entities.obj
         ../../Intermediate/Debug/game\cc_turret_entities.obj
         ../../Intermediate/Debug/game\cc_weaponentities.obj
         ../../Intermediate/Debug/game\cc_armor.obj
         ../../Intermediate/Debug/game\cc_health.obj
         ../../Intermediate/Debug/game\cc_itemlist.obj
         ../../Intermediate/Debug/game\cc_items.obj
         ../../Intermediate/Debug/game\cc_keys.obj
         ../../Intermediate/Debug/game\cc_powerups.obj
         ../../Intermediate/Debug/game\cc_weapons.obj
         ../../Intermediate/Debug/game\cc_bfg.obj
         ../../Intermediate/Debug/game\cc_blaster.obj
         ../../Intermediate/Debug/game\cc_chaingun.obj
         ../../Intermediate/Debug/game\cc_debugweapons.obj
         ../../Intermediate/Debug/game\cc_grenadelauncher.obj
         ../../Intermediate/Debug/game\cc_handgrenade.obj
         ../../Intermediate/Debug/game\cc_hyperblaster.obj
         ../../Intermediate/Debug/game\cc_machinegun.obj
         ../../Intermediate/Debug/game\cc_railgun.obj
         ../../Intermediate/Debug/game\cc_rocketlauncher.obj
         ../../Intermediate/Debug/game\cc_shotgun.obj
         ../../Intermediate/Debug/game\cc_supershotgun.obj
         ../../Intermediate/Debug/game\cc_weaponmain.obj
         ../../Intermediate/Debug/game\cc_inventory.obj
         ../../Intermediate/Debug/game\cc_hash.obj
         ../../Intermediate/Debug/game\cc_ban.obj
         ../../Intermediate/Debug/game\cc_monsters.obj
         ../../Intermediate/Debug/game\cc_barracuda.obj
         ../../Intermediate/Debug/game\cc_berserk.obj
         ../../Intermediate/Debug/game\cc_bitch.obj
         ../../Intermediate/Debug/game\cc_brain.obj
         ../../Intermediate/Debug/game\cc_floater.obj
         ../../Intermediate/Debug/game\cc_flyer.obj
         ../../Intermediate/Debug/game\cc_gladiator.obj
         ../../Intermediate/Debug/game\cc_gunner.obj
         ../../Intermediate/Debug/game\cc_icarus.obj
         ../../Intermediate/Debug/game\cc_infantry.obj
         ../../Intermediate/Debug/game\cc_insane.obj
         ../../Intermediate/Debug/game\cc_medic.obj
         ../../Intermediate/Debug/game\cc_mutant.obj
         ../../Intermediate/Debug/game\cc_parasite.obj
         ../../Intermediate/Debug/game\cc_tank.obj
         ../../Intermediate/Debug/game\cc_boss2.obj
         ../../Intermediate/Debug/game\cc_jorg.obj
         ../../Intermediate/Debug/game\cc_makron.obj
         ../../Intermediate/Debug/game\cc_makron_stand.obj
         ../../Intermediate/Debug/game\cc_supertank.obj
         ../../Intermediate/Debug/game\cc_soldier_base.obj
         ../../Intermediate/Debug/game\cc_soldier_light.obj
         ../../Intermediate/Debug/game\cc_soldier_machinegun.obj
         ../../Intermediate/Debug/game\cc_soldier_shotgun.obj
         ../../Intermediate/Debug/game\cc_colors.obj
         ../../Intermediate/Debug/game\cc_pathfinding.obj
         ../../Intermediate/Debug/game\cc_media.obj
         ../../Intermediate/Debug/game\cc_controls.obj
         ../../Intermediate/Debug/game\cc_menu.obj
         ../../Intermediate/Debug/game\cc_exceptionhandler.obj
         ../../Intermediate/Debug/game\cc_mapprint.obj
         ../../Intermediate/Debug/game\cc_memory.obj
         ../../Intermediate/Debug/game\cc_filesystem.obj
         ../../Intermediate/Debug/game\cc_bodyqueue.obj
         ../../Intermediate/Debug/game\cc_ctf.obj
         ../../Intermediate/Debug/game\cc_ctfadmin.obj
         ../../Intermediate/Debug/game\cc_ctfitementities.obj
         ../../Intermediate/Debug/game\cc_ctfitems.obj
         ../../Intermediate/Debug/game\cc_ctfmenu.obj
         ../../Intermediate/Debug/game\cc_grapple.obj
         ../../Intermediate/Debug/game\cc_utils.obj
         ../../Intermediate/Debug/game\g_save.obj
         ../../Intermediate/Debug/game\m_flash.obj
         ../../Intermediate/Debug/game\gamex86.dll.embed.manifest.res
            Creating library debug\gamex86.lib and object debug\gamex86.exp
         game.vcxproj -> F:\cleancodeq2\trunk\projects\vs2010\debug\gamex86.dll
       BscMake:
         C:\Program Files\Microsoft Visual Studio 10.0\VC\bin\bscmake.exe /nologo /o"debug\gamex86.bsc" ../../Intermediate/Debug/game\byteswap.sbr ../../Intermediate/Debug/game\ColorVec.sbr ../../Intermediate/Debug/game\infostrings.sbr ../../Intermediate/Debug/game\m_angles.sbr ../../Intermediate/Debug/game\m_bounds.sbr ../../Intermediate/Debug/game\m_mat3.sbr ../../Intermediate/Debug/game\m_mat4.sbr ../../Intermediate/Debug/game\m_plane.sbr ../../Intermediate/Debug/game\m_quat.sbr ../../Intermediate/Debug/game\mathlib.sbr ../../Intermediate/Debug/game\mersennetwister.sbr ../../Intermediate/Debug/game\shared.sbr ../../Intermediate/Debug/game\string.sbr ../../Intermediate/Debug/game\Templates.sbr ../../Intermediate/Debug/game\cc_game.sbr ../../Intermediate/Debug/game\cc_dmflags.sbr ../../Intermediate/Debug/game\cc_gameapi.sbr ../../Intermediate/Debug/game\cc_cvar.sbr ../../Intermediate/Debug/game\cc_trace.sbr ../../Intermediate/Debug/game\cc_tent.sbr ../../Intermediate/Debug/game\cc_write.sbr ../../Intermediate/Debug/game\cc_sbar.sbr ../../Intermediate/Debug/game\cc_frontend.sbr ../../Intermediate/Debug/game\cc_indexing.sbr ../../Intermediate/Debug/game\cc_arg.sbr ../../Intermediate/Debug/game\cc_print.sbr ../../Intermediate/Debug/game\cc_sound.sbr ../../Intermediate/Debug/game\cc_pmove.sbr ../../Intermediate/Debug/game\cc_cmds.sbr ../../Intermediate/Debug/game\cc_gamecommands.sbr ../../Intermediate/Debug/game\cc_servercommands.sbr ../../Intermediate/Debug/game\cc_baseentity.sbr ../../Intermediate/Debug/game\cc_brushmodels.sbr ../../Intermediate/Debug/game\cc_entitylist.sbr ../../Intermediate/Debug/game\cc_entitytypes.sbr ../../Intermediate/Debug/game\cc_func_entities.sbr ../../Intermediate/Debug/game\cc_infoentities.sbr ../../Intermediate/Debug/game\cc_itementity.sbr ../../Intermediate/Debug/game\cc_junk_entities.sbr ../../Intermediate/Debug/game\cc_misc_entities.sbr ../../Intermediate/Debug/game\cc_playerentity.sbr ../../Intermediate/Debug/game\cc_target_entities.sbr ../../Intermediate/Debug/game\cc_techs.sbr ../../Intermediate/Debug/game\cc_trigger_entities.sbr ../../Intermediate/Debug/game\cc_turret_entities.sbr ../../Intermediate/Debug/game\cc_weaponentities.sbr ../../Intermediate/Debug/game\cc_armor.sbr ../../Intermediate/Debug/game\cc_health.sbr ../../Intermediate/Debug/game\cc_itemlist.sbr ../../Intermediate/Debug/game\cc_items.sbr ../../Intermediate/Debug/game\cc_keys.sbr ../../Intermediate/Debug/game\cc_powerups.sbr ../../Intermediate/Debug/game\cc_weapons.sbr ../../Intermediate/Debug/game\cc_bfg.sbr ../../Intermediate/Debug/game\cc_blaster.sbr ../../Intermediate/Debug/game\cc_chaingun.sbr ../../Intermediate/Debug/game\cc_debugweapons.sbr ../../Intermediate/Debug/game\cc_grenadelauncher.sbr ../../Intermediate/Debug/game\cc_handgrenade.sbr ../../Intermediate/Debug/game\cc_hyperblaster.sbr ../../Intermediate/Debug/game\cc_machinegun.sbr ../../Intermediate/Debug/game\cc_railgun.sbr ../../Intermediate/Debug/game\cc_rocketlauncher.sbr ../../Intermediate/Debug/game\cc_shotgun.sbr ../../Intermediate/Debug/game\cc_supershotgun.sbr ../../Intermediate/Debug/game\cc_weaponmain.sbr ../../Intermediate/Debug/game\cc_inventory.sbr ../../Intermediate/Debug/game\cc_hash.sbr ../../Intermediate/Debug/game\cc_ban.sbr ../../Intermediate/Debug/game\cc_monsters.sbr ../../Intermediate/Debug/game\cc_barracuda.sbr ../../Intermediate/Debug/game\cc_berserk.sbr ../../Intermediate/Debug/game\cc_bitch.sbr ../../Intermediate/Debug/game\cc_brain.sbr ../../Intermediate/Debug/game\cc_floater.sbr ../../Intermediate/Debug/game\cc_flyer.sbr ../../Intermediate/Debug/game\cc_gladiator.sbr ../../Intermediate/Debug/game\cc_gunner.sbr ../../Intermediate/Debug/game\cc_icarus.sbr ../../Intermediate/Debug/game\cc_infantry.sbr ../../Intermediate/Debug/game\cc_insane.sbr ../../Intermediate/Debug/game\cc_medic.sbr ../../Intermediate/Debug/game\cc_mutant.sbr ../../Intermediate/Debug/game\cc_parasite.sbr ../../Intermediate/Debug/game\cc_tank.sbr ../../Intermediate/Debug/game\cc_boss2.sbr ../../Intermediate/Debug/game\cc_jorg.sbr ../../Intermediate/Debug/game\cc_makron.sbr ../../Intermediate/Debug/game\cc_makron_stand.sbr ../../Intermediate/Debug/game\cc_supertank.sbr ../../Intermediate/Debug/game\cc_soldier_base.sbr ../../Intermediate/Debug/game\cc_soldier_light.sbr ../../Intermediate/Debug/game\cc_soldier_machinegun.sbr ../../Intermediate/Debug/game\cc_soldier_shotgun.sbr ../../Intermediate/Debug/game\cc_colors.sbr ../../Intermediate/Debug/game\cc_pathfinding.sbr ../../Intermediate/Debug/game\cc_media.sbr ../../Intermediate/Debug/game\cc_controls.sbr ../../Intermediate/Debug/game\cc_menu.sbr ../../Intermediate/Debug/game\cc_exceptionhandler.sbr ../../Intermediate/Debug/game\cc_mapprint.sbr ../../Intermediate/Debug/game\cc_memory.sbr ../../Intermediate/Debug/game\cc_filesystem.sbr ../../Intermediate/Debug/game\cc_bodyqueue.sbr ../../Intermediate/Debug/game\cc_ctf.sbr ../../Intermediate/Debug/game\cc_ctfadmin.sbr ../../Intermediate/Debug/game\cc_ctfitementities.sbr ../../Intermediate/Debug/game\cc_ctfitems.sbr ../../Intermediate/Debug/game\cc_ctfmenu.sbr ../../Intermediate/Debug/game\cc_grapple.sbr ../../Intermediate/Debug/game\cc_utils.sbr ../../Intermediate/Debug/game\g_save.sbr ../../Intermediate/Debug/game\m_flash.sbr
       PostBuildEvent:
         Description: Copies the output to your Quake 2 baseq2 dir
         echo Copying to Quake 2 Path...
         copy F:\cleancodeq2\trunk\projects\vs2010\debug\gamex86.dll "e:\quake2\baseq2\gamex86.dll"
         copy F:\cleancodeq2\trunk\projects\vs2010\debug\gamex86.dll "F:\cleancodeq2\trunk\projects\vs2010\Debug\..\..\..\baseq2\gamex86.dll"
         
         echo Done!
         
         :VCEnd
         Copying to Quake 2 Path...
                 1 file(s) copied.
                 1 file(s) copied.
         Done!
       _AfterBuild:
         Deleting file "../../Intermediate/Debug/game\game.unsuccessfulbuild".
         Touching "../../Intermediate/Debug/game\game.lastbuildstate".
     1>Done Building Project "F:\cleancodeq2\trunk\projects\vs2010\game.vcxproj" (build target(s)).

Build succeeded.

Time Elapsed 00:01:32.97
