Build started 6/15/2009 5:03:14 PM.
     1>Project "E:\cleancodeq2\trunk\projects\vs2010\game.vcxproj" on node 1 (build target(s)).
         Creating "../../Intermediate/Debug/game\lastbuild.timestamp" because "AlwaysCreate" was specified.
     1>ClCompile:
         cc_arg.cpp
         cc_armor.cpp
         cc_ban.cpp
         cc_barracuda.cpp
         cc_baseentity.cpp
         cc_bfg.cpp
         cc_bitch.cpp
         cc_blaster.cpp
         cc_chaingun.cpp
         cc_cmds.cpp
         cc_controls.cpp
         cc_ctf.cpp
         cc_ctfadmin.cpp
         cc_ctfitems.cpp
         cc_ctfmenu.cpp
         cc_cvar.cpp
         cc_dmflags.cpp
         cc_entitytypes.cpp
         cc_exceptionhandler.cpp
         cc_floater.cpp
         Generating Code...
         Compiling...
         cc_flyer.cpp
         cc_frontend.cpp
         cc_gameapi.cpp
         cc_gamecommands.cpp
         cc_gladiator.cpp
         cc_grapple.cpp
         cc_grenadelauncher.cpp
         cc_gunner.cpp
         cc_handgrenade.cpp
         cc_hash.cpp
         cc_health.cpp
         cc_hyperblaster.cpp
         cc_icarus.cpp
         cc_indexing.cpp
         cc_infantry.cpp
         cc_insane.cpp
         cc_inventory.cpp
         cc_itemlist.cpp
         cc_items.cpp
         cc_keys.cpp
         Generating Code...
         Compiling...
         cc_machinegun.cpp
         cc_mapprint.cpp
         cc_media.cpp
         cc_menu.cpp
         cc_monsterlist.cpp
         cc_monsters.cpp
         cc_mutant.cpp
         cc_pathfinding.cpp
         cc_playerentity.cpp
         cc_pmove.cpp
         cc_powerups.cpp
         cc_print.cpp
         cc_railgun.cpp
         cc_rocketlauncher.cpp
         cc_sbar.cpp
         cc_servercommands.cpp
         cc_shotgun.cpp
         cc_soldier_base.cpp
         cc_soldier_light.cpp
         cc_soldier_machinegun.cpp
         Generating Code...
         Compiling...
         cc_soldier_shotgun.cpp
         cc_sound.cpp
         cc_supershotgun.cpp
         cc_supertank.cpp
         cc_tank.cpp
         cc_tent.cpp
         cc_trace.cpp
         cc_weaponentities.cpp
         cc_weaponmain.cpp
         cc_weapons.cpp
         cc_write.cpp
         g_chase.cpp
         g_combat.cpp
         g_func.cpp
         g_main.cpp
         g_misc.cpp
         g_phys.cpp
         g_save.cpp
         g_spawn.cpp
         g_target.cpp
         Generating Code...
         Compiling...
         g_trigger.cpp
         g_turret.cpp
         g_utils.cpp
         g_weapon.cpp
         m_flash.cpp
         p_client.cpp
         p_hud.cpp
         p_trail.cpp
         Generating Code...
       ManifestResourceCompile:
         Microsoft (R) Windows (R) Resource Compiler Version 6.1.7000.0
         
         Copyright (C) Microsoft Corporation.  All rights reserved.
         
         
       Link:
            Creating library ..\..\baseq2\gamex86.lib and object ..\..\baseq2\gamex86.exp
     1>zlibd.lib(adler32.obj) : warning LNK4099: PDB 'vc90.pdb' was not found with '../../lib/zlibd.lib' or at 'c:\quake2\baseq2\vc90.pdb'; linking object as if no debug info
     1>zlibd.lib(compress.obj) : warning LNK4099: PDB 'vc90.pdb' was not found with '../../lib/zlibd.lib' or at 'c:\quake2\baseq2\vc90.pdb'; linking object as if no debug info
     1>zlibd.lib(crc32.obj) : warning LNK4099: PDB 'vc90.pdb' was not found with '../../lib/zlibd.lib' or at 'c:\quake2\baseq2\vc90.pdb'; linking object as if no debug info
     1>zlibd.lib(deflate.obj) : warning LNK4099: PDB 'vc90.pdb' was not found with '../../lib/zlibd.lib' or at 'c:\quake2\baseq2\vc90.pdb'; linking object as if no debug info
     1>zlibd.lib(gzio.obj) : warning LNK4099: PDB 'vc90.pdb' was not found with '../../lib/zlibd.lib' or at 'c:\quake2\baseq2\vc90.pdb'; linking object as if no debug info
     1>zlibd.lib(inffast.obj) : warning LNK4099: PDB 'vc90.pdb' was not found with '../../lib/zlibd.lib' or at 'c:\quake2\baseq2\vc90.pdb'; linking object as if no debug info
     1>zlibd.lib(inflate.obj) : warning LNK4099: PDB 'vc90.pdb' was not found with '../../lib/zlibd.lib' or at 'c:\quake2\baseq2\vc90.pdb'; linking object as if no debug info
     1>zlibd.lib(inftrees.obj) : warning LNK4099: PDB 'vc90.pdb' was not found with '../../lib/zlibd.lib' or at 'c:\quake2\baseq2\vc90.pdb'; linking object as if no debug info
     1>zlibd.lib(trees.obj) : warning LNK4099: PDB 'vc90.pdb' was not found with '../../lib/zlibd.lib' or at 'c:\quake2\baseq2\vc90.pdb'; linking object as if no debug info
     1>zlibd.lib(zutil.obj) : warning LNK4099: PDB 'vc90.pdb' was not found with '../../lib/zlibd.lib' or at 'c:\quake2\baseq2\vc90.pdb'; linking object as if no debug info
       Manifest:
         Skipping task because its outputs are up-to-date.
       LinkEmbedManifest:
            Creating library ..\..\baseq2\gamex86.lib and object ..\..\baseq2\gamex86.exp
     1>zlibd.lib(adler32.obj) : warning LNK4099: PDB 'vc90.pdb' was not found with '../../lib/zlibd.lib' or at 'c:\quake2\baseq2\vc90.pdb'; linking object as if no debug info
     1>zlibd.lib(compress.obj) : warning LNK4099: PDB 'vc90.pdb' was not found with '../../lib/zlibd.lib' or at 'c:\quake2\baseq2\vc90.pdb'; linking object as if no debug info
     1>zlibd.lib(crc32.obj) : warning LNK4099: PDB 'vc90.pdb' was not found with '../../lib/zlibd.lib' or at 'c:\quake2\baseq2\vc90.pdb'; linking object as if no debug info
     1>zlibd.lib(deflate.obj) : warning LNK4099: PDB 'vc90.pdb' was not found with '../../lib/zlibd.lib' or at 'c:\quake2\baseq2\vc90.pdb'; linking object as if no debug info
     1>zlibd.lib(gzio.obj) : warning LNK4099: PDB 'vc90.pdb' was not found with '../../lib/zlibd.lib' or at 'c:\quake2\baseq2\vc90.pdb'; linking object as if no debug info
     1>zlibd.lib(inffast.obj) : warning LNK4099: PDB 'vc90.pdb' was not found with '../../lib/zlibd.lib' or at 'c:\quake2\baseq2\vc90.pdb'; linking object as if no debug info
     1>zlibd.lib(inflate.obj) : warning LNK4099: PDB 'vc90.pdb' was not found with '../../lib/zlibd.lib' or at 'c:\quake2\baseq2\vc90.pdb'; linking object as if no debug info
     1>zlibd.lib(inftrees.obj) : warning LNK4099: PDB 'vc90.pdb' was not found with '../../lib/zlibd.lib' or at 'c:\quake2\baseq2\vc90.pdb'; linking object as if no debug info
     1>zlibd.lib(trees.obj) : warning LNK4099: PDB 'vc90.pdb' was not found with '../../lib/zlibd.lib' or at 'c:\quake2\baseq2\vc90.pdb'; linking object as if no debug info
     1>zlibd.lib(zutil.obj) : warning LNK4099: PDB 'vc90.pdb' was not found with '../../lib/zlibd.lib' or at 'c:\quake2\baseq2\vc90.pdb'; linking object as if no debug info
         game.vcxproj -> E:\cleancodeq2\trunk\projects\vs2010\..\..\baseq2\gamex86.dll
       PostBuildEvent:
         Description: Copies the output to your Quake 2 baseq2 dir
         Copying to Quake 2 Path...
                 1 file(s) copied.
         Done!
       _AfterBuild:
         Creating "../../Intermediate/Debug/game\LastSuccessfulBuild.timestamp" because "AlwaysCreate" was specified.
     1>Done Building Project "E:\cleancodeq2\trunk\projects\vs2010\game.vcxproj" (build target(s)).

Build succeeded.

Time Elapsed 00:04:26.25
